<?xml version="1.0" encoding="UTF-8"?>
<!-- Generated by org.testng.reporters.JUnitReportReporter -->
<testsuite hostname="DESKTOP-BLFTK83" name="com.test.kdmc.Pharmacyrequest" tests="1" failures="0" timestamp="1 Jun 2018 05:31:52 GMT" time="582.573" errors="0">
  <testcase name="openbrowser" time="582.573" classname="com.test.kdmc.Pharmacyrequest"/>
</testsuite> <!-- com.test.kdmc.Pharmacyrequest -->
