<?xml version="1.0" encoding="UTF-8"?>
<!-- Generated by org.testng.reporters.JUnitReportReporter -->
<testsuite hostname="DESKTOP-BLFTK83" name="com.test.kdmc.Employee" tests="1" failures="0" timestamp="29 Jan 2018 10:40:44 GMT" time="95.136" errors="0">
  <testcase name="OPEN" time="95.136" classname="com.test.kdmc.Employee"/>
</testsuite> <!-- com.test.kdmc.Employee -->
