<?xml version="1.0" encoding="UTF-8"?>
<!-- Generated by org.testng.reporters.JUnitReportReporter -->
<testsuite hostname="DESKTOP-BLFTK83" name="com.test.kdmc.AdminHospital" tests="1" failures="0" timestamp="23 Jan 2018 13:21:41 GMT" time="445.499" errors="0">
  <testcase name="HOSHELDIS_REG" time="445.499" classname="com.test.kdmc.AdminHospital"/>
</testsuite> <!-- com.test.kdmc.AdminHospital -->
