<?xml version="1.0" encoding="UTF-8"?>
<!-- Generated by org.testng.reporters.JUnitReportReporter -->
<testsuite skipped="0" hostname="DESKTOP-BLFTK83" name="com.test.kdmc.Delete" tests="1" failures="0" timestamp="23 Jan 2018 13:14:21 GMT" time="0.646" errors="0">
  <testcase name="deletehospital" time="0.646" classname="com.test.kdmc.Delete"/>
</testsuite> <!-- com.test.kdmc.Delete -->
