<?xml version="1.0" encoding="UTF-8"?>
<!-- Generated by org.testng.reporters.JUnitReportReporter -->
<testsuite skipped="0" hostname="DESKTOP-BLFTK83" name="com.test.kdmc.DeleteEmployee" tests="1" failures="0" timestamp="24 Jan 2018 05:33:01 GMT" time="0.493" errors="0">
  <testcase name="deletehospital" time="0.493" classname="com.test.kdmc.DeleteEmployee"/>
</testsuite> <!-- com.test.kdmc.DeleteEmployee -->
