<?xml version="1.0" encoding="UTF-8"?>
<!-- Generated by org.testng.reporters.JUnitReportReporter -->
<testsuite hostname="DESKTOP-BLFTK83" name="com.test.kdmc.Healthposttostore" tests="1" failures="0" timestamp="23 May 2018 08:33:24 GMT" time="591.860" errors="0">
  <testcase name="Healthpost" time="591.860" classname="com.test.kdmc.Healthposttostore"/>
</testsuite> <!-- com.test.kdmc.Healthposttostore -->
